<?xml version="1.0" encoding="UTF-8"?>
<!-- Generated by org.testng.reporters.JUnitReportReporter -->
<testsuite hostname="LAPTOP-QGMB7H0T" failures="0" tests="6" name="Demo.CarTest" time="0.031" errors="0" timestamp="2020-06-17T22:30:20 IST" skipped="0">
  <testcase classname="Demo.CarTest" name="Air5" time="0.002"/>
  <system-out/>
  <testcase classname="Demo.CarTest" name="Air1" time="0.021"/>
  <system-out/>
  <testcase classname="Demo.CarTest" name="Air3" time="0.003"/>
  <system-out/>
  <testcase classname="Demo.CarTest" name="Air4" time="0.002"/>
  <system-out/>
  <testcase classname="Demo.CarTest" name="Air2" time="0.002"/>
  <system-out/>
  <testcase classname="Demo.CarTest" name="Air6" time="0.001"/>
  <system-out/>
</testsuite> <!-- Demo.CarTest -->
