<?xml version="1.0" encoding="UTF-8"?>
<!-- Generated by org.testng.reporters.JUnitReportReporter -->
<testsuite hostname="LAPTOP-QGMB7H0T" failures="0" tests="1" name="Demo.ExtentReport" time="16.325" errors="0" timestamp="2020-06-18T09:06:10 IST" skipped="0">
  <testcase classname="Demo.ExtentReport" name="initialDemo" time="16.325"/>
  <system-out/>
</testsuite> <!-- Demo.ExtentReport -->
