<?xml version="1.0" encoding="UTF-8"?>
<!-- Generated by org.testng.reporters.JUnitReportReporter -->
<testsuite hostname="LAPTOP-QGMB7H0T" failures="0" tests="6" name="Demo2.CarTest" time="0.024" errors="0" timestamp="2020-06-13T18:41:40 IST" skipped="0">
  <testcase classname="Demo2.CarTest" name="Air2" time="0.002"/>
  <system-out/>
  <testcase classname="Demo2.CarTest" name="Air3" time="0.004"/>
  <system-out/>
  <testcase classname="Demo2.CarTest" name="Air5" time="0.002"/>
  <system-out/>
  <testcase classname="Demo2.CarTest" name="Air1" time="0.011"/>
  <system-out/>
  <testcase classname="Demo2.CarTest" name="Air4" time="0.002"/>
  <system-out/>
  <testcase classname="Demo2.CarTest" name="Air6" time="0.003"/>
  <system-out/>
</testsuite> <!-- Demo2.CarTest -->
