<?xml version="1.0" encoding="UTF-8"?>
<!-- Generated by org.testng.reporters.JUnitReportReporter -->
<testsuite hostname="LAPTOP-QGMB7H0T" failures="0" tests="1" name="Demo.browser" time="7.590" errors="0" timestamp="2020-06-17T22:40:08 IST" skipped="0">
  <testcase classname="Demo.browser" name="Browser" time="7.590"/>
  <system-out/>
</testsuite> <!-- Demo.browser -->
