<?xml version="1.0" encoding="UTF-8"?>
<!-- Generated by org.testng.reporters.JUnitReportReporter -->
<testsuite hostname="LAPTOP-QGMB7H0T" failures="0" tests="2" name="Demo.ExtentDemo" time="11.358" errors="0" timestamp="2020-06-19T07:42:23 IST" skipped="0">
  <testcase classname="Demo.ExtentDemo" name="test" time="11.059"/>
  <system-out/>
  <testcase classname="Demo.ExtentDemo" name="config" time="0.299"/>
  <system-out/>
</testsuite> <!-- Demo.ExtentDemo -->
