<?xml version="1.0" encoding="UTF-8"?>
<!-- Generated by org.testng.reporters.JUnitReportReporter -->
<testsuite hostname="LAPTOP-QGMB7H0T" failures="0" tests="2" name="Demo.DemoTest" time="0.011" errors="0" timestamp="2020-06-12T09:00:13 IST" skipped="0">
  <testcase classname="Demo.DemoTest" name="Bike" time="0.010"/>
  <system-out/>
  <testcase classname="Demo.DemoTest" name="Car" time="0.001"/>
  <system-out/>
</testsuite> <!-- Demo.DemoTest -->
