<?xml version="1.0" encoding="UTF-8"?>
<!-- Generated by org.testng.reporters.JUnitReportReporter -->
<testsuite hostname="LAPTOP-QGMB7H0T" failures="0" tests="2" name="Demo.CarTest" time="0.010" errors="0" timestamp="2020-06-12T09:01:01 IST" skipped="0">
  <testcase classname="Demo.CarTest" name="Air" time="0.009"/>
  <system-out/>
  <testcase classname="Demo.CarTest" name="plane" time="0.001"/>
  <system-out/>
</testsuite> <!-- Demo.CarTest -->
